Started GET "/" for 127.0.0.1 at 2023-03-22 10:33:32 +0300
Processing by Rails::WelcomeController#index as HTML
  Rendering /usr/share/rvm/gems/ruby-2.7.4/gems/railties-7.0.4.3/lib/rails/templates/rails/welcome/index.html.erb
  Rendered /usr/share/rvm/gems/ruby-2.7.4/gems/railties-7.0.4.3/lib/rails/templates/rails/welcome/index.html.erb (Duration: 12.3ms | Allocations: 767)
Completed 200 OK in 195ms (Views: 148.3ms | ActiveRecord: 0.0ms | Allocations: 6583)


Started GET "/" for 127.0.0.1 at 2023-03-22 10:34:05 +0300
Processing by Rails::WelcomeController#index as HTML
  Rendering /usr/share/rvm/gems/ruby-2.7.4/gems/railties-7.0.4.3/lib/rails/templates/rails/welcome/index.html.erb
  Rendered /usr/share/rvm/gems/ruby-2.7.4/gems/railties-7.0.4.3/lib/rails/templates/rails/welcome/index.html.erb (Duration: 2.0ms | Allocations: 449)
Completed 200 OK in 7ms (Views: 5.4ms | ActiveRecord: 0.0ms | Allocations: 1165)


  [1m[35m (157.9ms)[0m  [1m[35mCREATE TABLE "schema_migrations" ("version" varchar NOT NULL PRIMARY KEY)[0m
  [1m[35m (144.7ms)[0m  [1m[35mCREATE TABLE "ar_internal_metadata" ("key" varchar NOT NULL PRIMARY KEY, "value" varchar, "created_at" datetime(6) NOT NULL, "updated_at" datetime(6) NOT NULL)[0m
  [1m[36mActiveRecord::SchemaMigration Pluck (0.2ms)[0m  [1m[34mSELECT "schema_migrations"."version" FROM "schema_migrations" ORDER BY "schema_migrations"."version" ASC[0m
Migrating to CreateUsers (20230322074139)
  [1m[36mTRANSACTION (0.1ms)[0m  [1m[36mbegin transaction[0m
  [1m[35m (0.3ms)[0m  [1m[35mCREATE TABLE "users" ("id" integer PRIMARY KEY AUTOINCREMENT NOT NULL, "username" varchar NOT NULL, "email" varchar NOT NULL, "password_digest" varchar NOT NULL, "created_at" datetime(6) NOT NULL, "updated_at" datetime(6) NOT NULL)[0m
  [1m[36mActiveRecord::SchemaMigration Create (0.2ms)[0m  [1m[32mINSERT INTO "schema_migrations" ("version") VALUES (?)[0m  [["version", "20230322074139"]]
  [1m[36mTRANSACTION (174.0ms)[0m  [1m[36mcommit transaction[0m
  [1m[36mActiveRecord::InternalMetadata Load (0.6ms)[0m  [1m[34mSELECT "ar_internal_metadata".* FROM "ar_internal_metadata" WHERE "ar_internal_metadata"."key" = ? LIMIT ?[0m  [["key", "environment"], ["LIMIT", 1]]
  [1m[36mTRANSACTION (0.1ms)[0m  [1m[36mbegin transaction[0m
  [1m[36mActiveRecord::InternalMetadata Create (0.3ms)[0m  [1m[32mINSERT INTO "ar_internal_metadata" ("key", "value", "created_at", "updated_at") VALUES (?, ?, ?, ?)[0m  [["key", "environment"], ["value", "development"], ["created_at", "2023-03-22 07:53:43.616664"], ["updated_at", "2023-03-22 07:53:43.616664"]]
  [1m[36mTRANSACTION (114.8ms)[0m  [1m[36mcommit transaction[0m
  [1m[36mActiveRecord::SchemaMigration Pluck (0.4ms)[0m  [1m[34mSELECT "schema_migrations"."version" FROM "schema_migrations" ORDER BY "schema_migrations"."version" ASC[0m
Started POST "/users" for 127.0.0.1 at 2023-03-22 11:24:53 +0300
  [1m[36mActiveRecord::SchemaMigration Pluck (15.2ms)[0m  [1m[34mSELECT "schema_migrations"."version" FROM "schema_migrations" ORDER BY "schema_migrations"."version" ASC[0m
  
SyntaxError (/home/student/Documents/Moringa/Phase-4/todo-rails-backend/todo-api/app/controllers/users_controller.rb:14: syntax error, unexpected local variable or method, expecting ')'
                         data: user.errors)
                         ^~~~
/home/student/Documents/Moringa/Phase-4/todo-rails-backend/todo-api/app/controllers/users_controller.rb:14: syntax error, unexpected ')', expecting `end'
...             data: user.errors)
...                              ^
/home/student/Documents/Moringa/Phase-4/todo-rails-backend/todo-api/app/controllers/users_controller.rb:23: syntax error, unexpected end-of-input, expecting `end'):
  
app/controllers/users_controller.rb:14: syntax error, unexpected local variable or method, expecting ')'
app/controllers/users_controller.rb:14: syntax error, unexpected ')', expecting `end'
app/controllers/users_controller.rb:23: syntax error, unexpected end-of-input, expecting `end'
app/controllers/users_controller.rb:14: syntax error, unexpected local variable or method, expecting ')'
app/controllers/users_controller.rb:14: syntax error, unexpected ')', expecting `end'
app/controllers/users_controller.rb:23: syntax error, unexpected end-of-input, expecting `end'
Started POST "/users" for 127.0.0.1 at 2023-03-22 11:25:50 +0300
Processing by UsersController#register as */*
  Parameters: {"username"=>"vanessa_kr", "email"=>"vanessa@gmail.com", "password"=>"[FILTERED]", "user"=>{"username"=>"vanessa_kr", "email"=>"vanessa@gmail.com"}}
[31mUnpermitted parameter: :user. Context: { controller: UsersController, action: register, request: #<ActionDispatch::Request:0x00007f19f839c088>, params: {"username"=>"vanessa_kr", "email"=>"vanessa@gmail.com", "password"=>"[FILTERED]", "controller"=>"users", "action"=>"register", "user"=>{"username"=>"vanessa_kr", "email"=>"vanessa@gmail.com"}} }[0m
  [1m[36mTRANSACTION (0.1ms)[0m  [1m[36mbegin transaction[0m
  ↳ app/controllers/users_controller.rb:4:in `register'
  [1m[36mUser Exists? (32.8ms)[0m  [1m[34mSELECT 1 AS one FROM "users" WHERE "users"."username" = ? LIMIT ?[0m  [["username", "vanessa_kr"], ["LIMIT", 1]]
  ↳ app/controllers/users_controller.rb:4:in `register'
  [1m[36mUser Exists? (0.3ms)[0m  [1m[34mSELECT 1 AS one FROM "users" WHERE "users"."email" = ? LIMIT ?[0m  [["email", "vanessa@gmail.com"], ["LIMIT", 1]]
  ↳ app/controllers/users_controller.rb:4:in `register'
  [1m[36mTRANSACTION (0.2ms)[0m  [1m[31mrollback transaction[0m
  ↳ app/controllers/users_controller.rb:4:in `register'
  [1m[36mUser Exists? (0.4ms)[0m  [1m[34mSELECT 1 AS one FROM "users" WHERE "users"."username" = ? LIMIT ?[0m  [["username", "vanessa_kr"], ["LIMIT", 1]]
  ↳ app/controllers/users_controller.rb:5:in `register'
  [1m[36mUser Exists? (0.3ms)[0m  [1m[34mSELECT 1 AS one FROM "users" WHERE "users"."email" = ? LIMIT ?[0m  [["email", "vanessa@gmail.com"], ["LIMIT", 1]]
  ↳ app/controllers/users_controller.rb:5:in `register'
Completed 500 Internal Server Error in 512ms (ActiveRecord: 35.3ms | Allocations: 42136)


  
NoMethodError (undefined method `rnder' for #<UsersController:0x0000000000b900>
Did you mean?  render):
  
app/controllers/application_controller.rb:3:in `app_response'
app/controllers/users_controller.rb:12:in `register'
Started POST "/users" for 127.0.0.1 at 2023-03-22 11:26:47 +0300
Processing by UsersController#register as */*
  Parameters: {"username"=>"vanessa_kr", "email"=>"vanessa@gmail.com", "password"=>"[FILTERED]", "user"=>{"username"=>"vanessa_kr", "email"=>"vanessa@gmail.com"}}
[31mUnpermitted parameter: :user. Context: { controller: UsersController, action: register, request: #<ActionDispatch::Request:0x00007f19e8cf29a8>, params: {"username"=>"vanessa_kr", "email"=>"vanessa@gmail.com", "password"=>"[FILTERED]", "controller"=>"users", "action"=>"register", "user"=>{"username"=>"vanessa_kr", "email"=>"vanessa@gmail.com"}} }[0m
  [1m[36mTRANSACTION (0.1ms)[0m  [1m[36mbegin transaction[0m
  ↳ app/controllers/users_controller.rb:4:in `register'
  [1m[36mUser Exists? (0.2ms)[0m  [1m[34mSELECT 1 AS one FROM "users" WHERE "users"."username" = ? LIMIT ?[0m  [["username", "vanessa_kr"], ["LIMIT", 1]]
  ↳ app/controllers/users_controller.rb:4:in `register'
  [1m[36mUser Exists? (0.1ms)[0m  [1m[34mSELECT 1 AS one FROM "users" WHERE "users"."email" = ? LIMIT ?[0m  [["email", "vanessa@gmail.com"], ["LIMIT", 1]]
  ↳ app/controllers/users_controller.rb:4:in `register'
  [1m[36mTRANSACTION (0.1ms)[0m  [1m[31mrollback transaction[0m
  ↳ app/controllers/users_controller.rb:4:in `register'
  [1m[36mUser Exists? (0.1ms)[0m  [1m[34mSELECT 1 AS one FROM "users" WHERE "users"."username" = ? LIMIT ?[0m  [["username", "vanessa_kr"], ["LIMIT", 1]]
  ↳ app/controllers/users_controller.rb:5:in `register'
  [1m[36mUser Exists? (0.1ms)[0m  [1m[34mSELECT 1 AS one FROM "users" WHERE "users"."email" = ? LIMIT ?[0m  [["email", "vanessa@gmail.com"], ["LIMIT", 1]]
  ↳ app/controllers/users_controller.rb:5:in `register'
Completed 200 OK in 329ms (Views: 112.5ms | ActiveRecord: 1.5ms | Allocations: 8292)


Started POST "/users" for 127.0.0.1 at 2023-03-22 11:27:00 +0300
Processing by UsersController#register as */*
  Parameters: {"username"=>"van_kr", "email"=>"vanessa@gmail.com", "password"=>"[FILTERED]", "user"=>{"username"=>"van_kr", "email"=>"vanessa@gmail.com"}}
[31mUnpermitted parameter: :user. Context: { controller: UsersController, action: register, request: #<ActionDispatch::Request:0x00007f19e8aaf3d0>, params: {"username"=>"van_kr", "email"=>"vanessa@gmail.com", "password"=>"[FILTERED]", "controller"=>"users", "action"=>"register", "user"=>{"username"=>"van_kr", "email"=>"vanessa@gmail.com"}} }[0m
  [1m[36mTRANSACTION (0.1ms)[0m  [1m[36mbegin transaction[0m
  ↳ app/controllers/users_controller.rb:4:in `register'
  [1m[36mUser Exists? (0.1ms)[0m  [1m[34mSELECT 1 AS one FROM "users" WHERE "users"."username" = ? LIMIT ?[0m  [["username", "van_kr"], ["LIMIT", 1]]
  ↳ app/controllers/users_controller.rb:4:in `register'
  [1m[36mUser Exists? (0.1ms)[0m  [1m[34mSELECT 1 AS one FROM "users" WHERE "users"."email" = ? LIMIT ?[0m  [["email", "vanessa@gmail.com"], ["LIMIT", 1]]
  ↳ app/controllers/users_controller.rb:4:in `register'
  [1m[36mUser Create (0.2ms)[0m  [1m[32mINSERT INTO "users" ("username", "email", "password_digest", "created_at", "updated_at") VALUES (?, ?, ?, ?, ?)[0m  [["username", "van_kr"], ["email", "vanessa@gmail.com"], ["password_digest", "[FILTERED]"], ["created_at", "2023-03-22 08:27:00.549120"], ["updated_at", "2023-03-22 08:27:00.549120"]]
  ↳ app/controllers/users_controller.rb:4:in `register'
  [1m[36mTRANSACTION (69.5ms)[0m  [1m[36mcommit transaction[0m
  ↳ app/controllers/users_controller.rb:4:in `register'
  [1m[36mUser Exists? (0.2ms)[0m  [1m[34mSELECT 1 AS one FROM "users" WHERE "users"."username" = ? AND "users"."id" != ? LIMIT ?[0m  [["username", "van_kr"], ["id", 1], ["LIMIT", 1]]
  ↳ app/controllers/users_controller.rb:5:in `register'
  [1m[36mUser Exists? (0.1ms)[0m  [1m[34mSELECT 1 AS one FROM "users" WHERE "users"."email" = ? AND "users"."id" != ? LIMIT ?[0m  [["email", "vanessa@gmail.com"], ["id", 1], ["LIMIT", 1]]
  ↳ app/controllers/users_controller.rb:5:in `register'
Completed 200 OK in 285ms (Views: 0.4ms | ActiveRecord: 70.4ms | Allocations: 4717)


Started POST "/users" for 127.0.0.1 at 2023-03-23 10:55:59 +0300
  [1m[36mActiveRecord::SchemaMigration Pluck (0.2ms)[0m  [1m[34mSELECT "schema_migrations"."version" FROM "schema_migrations" ORDER BY "schema_migrations"."version" ASC[0m
  
ArgumentError (wrong number of arguments (given 2, expected 1)):
  
app/controllers/users_controller.rb:2:in `<class:UsersController>'
app/controllers/users_controller.rb:1:in `<main>'
Started POST "/users" for 127.0.0.1 at 2023-03-23 11:04:54 +0300
  
ArgumentError (wrong number of arguments (given 2, expected 1)):
  
app/controllers/users_controller.rb:2:in `<class:UsersController>'
app/controllers/users_controller.rb:1:in `<main>'
Started POST "/users" for 127.0.0.1 at 2023-03-23 11:06:00 +0300
Processing by UsersController#register as */*
  Parameters: {"username"=>"rukorio", "email"=>"rukorio@gmail.com", "password"=>"[FILTERED]", "user"=>{"username"=>"rukorio", "email"=>"rukorio@gmail.com"}}
[31mUnpermitted parameter: :user. Context: { controller: UsersController, action: register, request: #<ActionDispatch::Request:0x00007f249c0cfdb0>, params: {"username"=>"rukorio", "email"=>"rukorio@gmail.com", "password"=>"[FILTERED]", "controller"=>"users", "action"=>"register", "user"=>{"username"=>"rukorio", "email"=>"rukorio@gmail.com"}} }[0m
  [1m[36mTRANSACTION (0.2ms)[0m  [1m[36mbegin transaction[0m
  ↳ app/controllers/users_controller.rb:5:in `register'
  [1m[36mUser Exists? (0.6ms)[0m  [1m[34mSELECT 1 AS one FROM "users" WHERE "users"."username" = ? LIMIT ?[0m  [["username", "rukorio"], ["LIMIT", 1]]
  ↳ app/controllers/users_controller.rb:5:in `register'
  [1m[36mUser Exists? (0.3ms)[0m  [1m[34mSELECT 1 AS one FROM "users" WHERE "users"."email" = ? LIMIT ?[0m  [["email", "rukorio@gmail.com"], ["LIMIT", 1]]
  ↳ app/controllers/users_controller.rb:5:in `register'
  [1m[36mUser Create (0.9ms)[0m  [1m[32mINSERT INTO "users" ("username", "email", "password_digest", "created_at", "updated_at") VALUES (?, ?, ?, ?, ?)[0m  [["username", "rukorio"], ["email", "rukorio@gmail.com"], ["password_digest", "[FILTERED]"], ["created_at", "2023-03-23 08:06:01.497338"], ["updated_at", "2023-03-23 08:06:01.497338"]]
  ↳ app/controllers/users_controller.rb:5:in `register'
  [1m[36mTRANSACTION (196.2ms)[0m  [1m[36mcommit transaction[0m
  ↳ app/controllers/users_controller.rb:5:in `register'
  [1m[36mUser Exists? (0.7ms)[0m  [1m[34mSELECT 1 AS one FROM "users" WHERE "users"."username" = ? AND "users"."id" != ? LIMIT ?[0m  [["username", "rukorio"], ["id", 2], ["LIMIT", 1]]
  ↳ app/controllers/users_controller.rb:6:in `register'
  [1m[36mUser Exists? (0.6ms)[0m  [1m[34mSELECT 1 AS one FROM "users" WHERE "users"."email" = ? AND "users"."id" != ? LIMIT ?[0m  [["email", "rukorio@gmail.com"], ["id", 2], ["LIMIT", 1]]
  ↳ app/controllers/users_controller.rb:6:in `register'
Completed 200 OK in 654ms (Views: 0.5ms | ActiveRecord: 203.0ms | Allocations: 40173)


Started POST "/user/login" for 127.0.0.1 at 2023-03-23 11:09:45 +0300
Processing by UsersController#login as */*
  Parameters: {"username"=>"rukorio", "password"=>"[FILTERED]", "user"=>{"username"=>"rukorio"}}
[31mUnpermitted parameter: :user. Context: { controller: UsersController, action: login, request: #<ActionDispatch::Request:0x00007f249409dcf0>, params: {"username"=>"rukorio", "password"=>"[FILTERED]", "controller"=>"users", "action"=>"login", "user"=>{"username"=>"rukorio"}} }[0m
[31mUnpermitted parameter: :user. Context: { controller: UsersController, action: login, request: #<ActionDispatch::Request:0x00007f249409dcf0>, params: {"username"=>"rukorio", "password"=>"[FILTERED]", "controller"=>"users", "action"=>"login", "user"=>{"username"=>"rukorio"}} }[0m
  [1m[36mUser Load (0.3ms)[0m  [1m[34mSELECT "users".* FROM "users" WHERE (username = 'rukorio' OR email = NULL) ORDER BY "users"."id" ASC LIMIT ?[0m  [["LIMIT", 1]]
  ↳ app/controllers/users_controller.rb:23:in `login'
[31mUnpermitted parameter: :user. Context: { controller: UsersController, action: login, request: #<ActionDispatch::Request:0x00007f249409dcf0>, params: {"username"=>"rukorio", "password"=>"[FILTERED]", "controller"=>"users", "action"=>"login", "user"=>{"username"=>"rukorio"}} }[0m
Completed 200 OK in 291ms (Views: 0.2ms | ActiveRecord: 2.4ms | Allocations: 2643)


Started GET "/" for 127.0.0.1 at 2023-03-23 11:12:42 +0300
Processing by UsersController#index as */*
  [1m[36mUser Load (0.1ms)[0m  [1m[34mSELECT "users".* FROM "users"[0m
  ↳ app/controllers/users_controller.rb:5:in `index'
Completed 200 OK in 9ms (Views: 7.3ms | ActiveRecord: 1.2ms | Allocations: 3369)


Started POST "/users" for 127.0.0.1 at 2023-03-23 11:17:31 +0300
Processing by UsersController#register as */*
  Parameters: {"username"=>"kira", "email"=>"kira@gmail.com", "password"=>"[FILTERED]", "user"=>{"username"=>"kira", "email"=>"kira@gmail.com"}}
[31mUnpermitted parameter: :user. Context: { controller: UsersController, action: register, request: #<ActionDispatch::Request:0x00007f24a88cfb80>, params: {"username"=>"kira", "email"=>"kira@gmail.com", "password"=>"[FILTERED]", "controller"=>"users", "action"=>"register", "user"=>{"username"=>"kira", "email"=>"kira@gmail.com"}} }[0m
  [1m[36mTRANSACTION (0.1ms)[0m  [1m[36mbegin transaction[0m
  ↳ app/controllers/users_controller.rb:9:in `register'
  [1m[36mUser Exists? (0.3ms)[0m  [1m[34mSELECT 1 AS one FROM "users" WHERE "users"."username" = ? LIMIT ?[0m  [["username", "kira"], ["LIMIT", 1]]
  ↳ app/controllers/users_controller.rb:9:in `register'
  [1m[36mUser Exists? (0.1ms)[0m  [1m[34mSELECT 1 AS one FROM "users" WHERE "users"."email" = ? LIMIT ?[0m  [["email", "kira@gmail.com"], ["LIMIT", 1]]
  ↳ app/controllers/users_controller.rb:9:in `register'
  [1m[36mTRANSACTION (0.1ms)[0m  [1m[31mrollback transaction[0m
  ↳ app/controllers/users_controller.rb:9:in `register'
  [1m[36mUser Exists? (0.1ms)[0m  [1m[34mSELECT 1 AS one FROM "users" WHERE "users"."username" = ? LIMIT ?[0m  [["username", "kira"], ["LIMIT", 1]]
  ↳ app/controllers/users_controller.rb:10:in `register'
  [1m[36mUser Exists? (0.1ms)[0m  [1m[34mSELECT 1 AS one FROM "users" WHERE "users"."email" = ? LIMIT ?[0m  [["email", "kira@gmail.com"], ["LIMIT", 1]]
  ↳ app/controllers/users_controller.rb:10:in `register'
Completed 200 OK in 361ms (Views: 132.7ms | ActiveRecord: 0.7ms | Allocations: 5818)


Started POST "/user/login" for 127.0.0.1 at 2023-03-23 11:18:05 +0300
Processing by UsersController#login as */*
  Parameters: {"email"=>"kira@gmail.com", "password"=>"[FILTERED]", "user"=>{"email"=>"kira@gmail.com"}}
[31mUnpermitted parameter: :user. Context: { controller: UsersController, action: login, request: #<ActionDispatch::Request:0x00007f2488110f40>, params: {"email"=>"kira@gmail.com", "password"=>"[FILTERED]", "controller"=>"users", "action"=>"login", "user"=>{"email"=>"kira@gmail.com"}} }[0m
[31mUnpermitted parameter: :user. Context: { controller: UsersController, action: login, request: #<ActionDispatch::Request:0x00007f2488110f40>, params: {"email"=>"kira@gmail.com", "password"=>"[FILTERED]", "controller"=>"users", "action"=>"login", "user"=>{"email"=>"kira@gmail.com"}} }[0m
  [1m[36mUser Load (0.8ms)[0m  [1m[34mSELECT "users".* FROM "users" WHERE (username = NULL OR email = 'kira@gmail.com') ORDER BY "users"."id" ASC LIMIT ?[0m  [["LIMIT", 1]]
  ↳ app/controllers/users_controller.rb:27:in `login'
Completed 200 OK in 10ms (Views: 0.7ms | ActiveRecord: 0.8ms | Allocations: 1105)


Started POST "/user/login" for 127.0.0.1 at 2023-03-23 11:18:27 +0300
Processing by UsersController#login as */*
  Parameters: {"username"=>"kira", "email"=>"kira@gmail.com", "password"=>"[FILTERED]", "user"=>{"username"=>"kira", "email"=>"kira@gmail.com"}}
[31mUnpermitted parameter: :user. Context: { controller: UsersController, action: login, request: #<ActionDispatch::Request:0x00007f2490525600>, params: {"username"=>"kira", "email"=>"kira@gmail.com", "password"=>"[FILTERED]", "controller"=>"users", "action"=>"login", "user"=>{"username"=>"kira", "email"=>"kira@gmail.com"}} }[0m
[31mUnpermitted parameter: :user. Context: { controller: UsersController, action: login, request: #<ActionDispatch::Request:0x00007f2490525600>, params: {"username"=>"kira", "email"=>"kira@gmail.com", "password"=>"[FILTERED]", "controller"=>"users", "action"=>"login", "user"=>{"username"=>"kira", "email"=>"kira@gmail.com"}} }[0m
  [1m[36mUser Load (0.2ms)[0m  [1m[34mSELECT "users".* FROM "users" WHERE (username = 'kira' OR email = 'kira@gmail.com') ORDER BY "users"."id" ASC LIMIT ?[0m  [["LIMIT", 1]]
  ↳ app/controllers/users_controller.rb:27:in `login'
Completed 200 OK in 4ms (Views: 0.3ms | ActiveRecord: 0.2ms | Allocations: 924)


  [1m[36mActiveRecord::SchemaMigration Pluck (30.7ms)[0m  [1m[34mSELECT "schema_migrations"."version" FROM "schema_migrations" ORDER BY "schema_migrations"."version" ASC[0m
Migrating to CreateTodos (20230323082540)
  [1m[36mTRANSACTION (0.1ms)[0m  [1m[36mbegin transaction[0m
  [1m[35m (2.5ms)[0m  [1m[35mCREATE TABLE "todos" ("id" integer PRIMARY KEY AUTOINCREMENT NOT NULL, "title" varchar NOT NULL, "description" text NOT NULL, "status" integer DEFAULT 0 NOT NULL, "priority" integer DEFAULT 0 NOT NULL, "user_id" integer NOT NULL, "created_at" datetime(6) NOT NULL, "updated_at" datetime(6) NOT NULL, CONSTRAINT "fk_rails_d94154aa95"
FOREIGN KEY ("user_id")
  REFERENCES "users" ("id")
)[0m
  [1m[35m (1.0ms)[0m  [1m[35mCREATE INDEX "index_todos_on_user_id" ON "todos" ("user_id")[0m
  [1m[36mActiveRecord::SchemaMigration Create (0.1ms)[0m  [1m[32mINSERT INTO "schema_migrations" ("version") VALUES (?)[0m  [["version", "20230323082540"]]
  [1m[36mTRANSACTION (131.0ms)[0m  [1m[36mcommit transaction[0m
  [1m[36mActiveRecord::InternalMetadata Load (0.2ms)[0m  [1m[34mSELECT "ar_internal_metadata".* FROM "ar_internal_metadata" WHERE "ar_internal_metadata"."key" = ? LIMIT ?[0m  [["key", "environment"], ["LIMIT", 1]]
  [1m[36mActiveRecord::SchemaMigration Pluck (0.1ms)[0m  [1m[34mSELECT "schema_migrations"."version" FROM "schema_migrations" ORDER BY "schema_migrations"."version" ASC[0m
Started POST "/todos" for 127.0.0.1 at 2023-03-23 11:56:17 +0300
  [1m[36mActiveRecord::SchemaMigration Pluck (23.7ms)[0m  [1m[34mSELECT "schema_migrations"."version" FROM "schema_migrations" ORDER BY "schema_migrations"."version" ASC[0m
  
SyntaxError (/home/student/Documents/Moringa/Phase-4/todo-rails-backend/todo-api/app/controllers/todos_controller.rb:16: syntax error, unexpected end-of-input, expecting `end'):
  
app/controllers/todos_controller.rb:16: syntax error, unexpected end-of-input, expecting `end'
app/controllers/todos_controller.rb:16: syntax error, unexpected end-of-input, expecting `end'
Started POST "/users/login" for 127.0.0.1 at 2023-03-23 12:00:42 +0300
Processing by UsersController#login as */*
  Parameters: {"username"=>"rukorio", "password"=>"[FILTERED]", "user"=>{"username"=>"rukorio"}}
[31mUnpermitted parameter: :user. Context: { controller: UsersController, action: login, request: #<ActionDispatch::Request:0x00007fbcfc0bf390>, params: {"username"=>"rukorio", "password"=>"[FILTERED]", "controller"=>"users", "action"=>"login", "user"=>{"username"=>"rukorio"}} }[0m
[31mUnpermitted parameter: :user. Context: { controller: UsersController, action: login, request: #<ActionDispatch::Request:0x00007fbcfc0bf390>, params: {"username"=>"rukorio", "password"=>"[FILTERED]", "controller"=>"users", "action"=>"login", "user"=>{"username"=>"rukorio"}} }[0m
  [1m[36mUser Load (0.6ms)[0m  [1m[34mSELECT "users".* FROM "users" WHERE (username = 'rukorio' OR email = NULL) ORDER BY "users"."id" ASC LIMIT ?[0m  [["LIMIT", 1]]
  ↳ app/controllers/users_controller.rb:27:in `login'
[31mUnpermitted parameter: :user. Context: { controller: UsersController, action: login, request: #<ActionDispatch::Request:0x00007fbcfc0bf390>, params: {"username"=>"rukorio", "password"=>"[FILTERED]", "controller"=>"users", "action"=>"login", "user"=>{"username"=>"rukorio"}} }[0m
Completed 200 OK in 495ms (Views: 0.2ms | ActiveRecord: 3.0ms | Allocations: 36617)


Started POST "/todos" for 127.0.0.1 at 2023-03-23 12:02:02 +0300
  
SyntaxError (/home/student/Documents/Moringa/Phase-4/todo-rails-backend/todo-api/app/controllers/todos_controller.rb:16: syntax error, unexpected end-of-input, expecting `end'):
  
app/controllers/todos_controller.rb:16: syntax error, unexpected end-of-input, expecting `end'
app/controllers/todos_controller.rb:16: syntax error, unexpected end-of-input, expecting `end'
Started POST "/todos" for 127.0.0.1 at 2023-03-23 12:03:59 +0300
  
SyntaxError (/home/student/Documents/Moringa/Phase-4/todo-rails-backend/todo-api/app/controllers/todos_controller.rb:16: syntax error, unexpected end-of-input, expecting `end'):
  
app/controllers/todos_controller.rb:16: syntax error, unexpected end-of-input, expecting `end'
app/controllers/todos_controller.rb:16: syntax error, unexpected end-of-input, expecting `end'
Started POST "/todos" for 127.0.0.1 at 2023-03-23 12:04:37 +0300
Processing by TodosController#create as */*
  Parameters: {"title"=>"Add todo endpoint", "description"=>"ensure a todo endpoint is added to your project", "priority"=>2, "todo"=>{"title"=>"Add todo endpoint", "description"=>"ensure a todo endpoint is added to your project", "priority"=>2}}
Completed 500 Internal Server Error in 8ms (ActiveRecord: 1.5ms | Allocations: 213)


  
TypeError (no implicit conversion of Time into String):
  
app/controllers/application_controller.rb:24:in `session_expired?'
Started POST "/todos" for 127.0.0.1 at 2023-03-23 12:05:38 +0300
Processing by TodosController#create as */*
  Parameters: {"title"=>"Add todo endpoint", "description"=>"ensure a todo endpoint is added to your project", "priority"=>2, "todo"=>{"title"=>"Add todo endpoint", "description"=>"ensure a todo endpoint is added to your project", "priority"=>2}}
Completed 500 Internal Server Error in 0ms (ActiveRecord: 0.6ms | Allocations: 172)


  
TypeError (no implicit conversion of Time into String):
  
app/controllers/application_controller.rb:24:in `session_expired?'
Started POST "/todos" for 127.0.0.1 at 2023-03-23 12:06:14 +0300
Processing by TodosController#create as */*
  Parameters: {"title"=>"Add todo endpoint", "description"=>"ensure a todo endpoint is added to your project", "priority"=>2, "todo"=>{"title"=>"Add todo endpoint", "description"=>"ensure a todo endpoint is added to your project", "priority"=>2}}
Completed 500 Internal Server Error in 0ms (ActiveRecord: 0.5ms | Allocations: 172)


  
TypeError (no implicit conversion of Time into String):
  
app/controllers/application_controller.rb:24:in `session_expired?'
Started POST "/todos" for 127.0.0.1 at 2023-03-23 12:29:30 +0300
  
SyntaxError (/home/student/Documents/Moringa/Phase-4/todo-rails-backend/todo-api/app/controllers/application_controller.rb:37: syntax error, unexpected `end', expecting end-of-input):
  
app/controllers/application_controller.rb:37: syntax error, unexpected `end', expecting end-of-input
app/controllers/application_controller.rb:37: syntax error, unexpected `end', expecting end-of-input
app/controllers/todos_controller.rb:1:in `<main>'
Started POST "/todos" for 127.0.0.1 at 2023-03-23 12:39:10 +0300
  
NameError (uninitialized constant TodosController::ArguementError):
  
app/controllers/todos_controller.rb:3:in `<class:TodosController>'
app/controllers/todos_controller.rb:1:in `<main>'
Started POST "/todos" for 127.0.0.1 at 2023-03-23 12:41:21 +0300
Processing by TodosController#create as */*
  Parameters: {"title"=>"Add todo endpoint", "description"=>"ensure a todo endpoint is added to your project", "priority"=>2, "todo"=>{"title"=>"Add todo endpoint", "description"=>"ensure a todo endpoint is added to your project", "priority"=>2}}
Completed 500 Internal Server Error in 45ms (ActiveRecord: 0.7ms | Allocations: 2033)


  
NameError (undefined local variable or method `unprocessaable_entity' for #<TodosController:0x00000000023d70>):
  
app/controllers/todos_controller.rb:20:in `standard_error'
Started POST "/todos" for 127.0.0.1 at 2023-03-23 12:42:18 +0300
Processing by TodosController#create as */*
  Parameters: {"title"=>"Add todo endpoint", "description"=>"ensure a todo endpoint is added to your project", "priority"=>2, "todo"=>{"title"=>"Add todo endpoint", "description"=>"ensure a todo endpoint is added to your project", "priority"=>2}}
Completed 500 Internal Server Error in 14ms (ActiveRecord: 0.5ms | Allocations: 2028)


  
NameError (undefined local variable or method `unprocessable_entity' for #<TodosController:0x00000000027538>):
  
app/controllers/todos_controller.rb:20:in `standard_error'
Started POST "/todos" for 127.0.0.1 at 2023-03-23 12:44:20 +0300
Processing by TodosController#create as */*
  Parameters: {"title"=>"Add todo endpoint", "description"=>"ensure a todo endpoint is added to your project", "priority"=>2, "todo"=>{"title"=>"Add todo endpoint", "description"=>"ensure a todo endpoint is added to your project", "priority"=>2}}
Completed 200 OK in 1ms (Views: 0.2ms | ActiveRecord: 0.6ms | Allocations: 213)


Started POST "/todos" for 127.0.0.1 at 2023-03-23 12:47:29 +0300
Processing by TodosController#create as */*
  Parameters: {"title"=>"Add todo endpoint", "description"=>"ensure a todo endpoint is added to your project", "priority"=>2, "todo"=>{"title"=>"Add todo endpoint", "description"=>"ensure a todo endpoint is added to your project", "priority"=>2}}
Filter chain halted as :session_expired? rendered or redirected
Completed 401 Unauthorized in 40ms (Views: 0.3ms | ActiveRecord: 0.5ms | Allocations: 384)


Started POST "/user/login" for 127.0.0.1 at 2023-03-23 12:47:48 +0300
  
ActionController::RoutingError (No route matches [POST] "/user/login"):
  
Started POST "/user/login" for 127.0.0.1 at 2023-03-23 12:48:07 +0300
  
ActionController::RoutingError (No route matches [POST] "/user/login"):
  
Started POST "/users/login" for 127.0.0.1 at 2023-03-23 12:48:24 +0300
Processing by UsersController#login as */*
  Parameters: {"username"=>"rukorio", "password"=>"[FILTERED]", "user"=>{"username"=>"rukorio"}}
[31mUnpermitted parameter: :user. Context: { controller: UsersController, action: login, request: #<ActionDispatch::Request:0x00007fbd08c2b3a8>, params: {"username"=>"rukorio", "password"=>"[FILTERED]", "controller"=>"users", "action"=>"login", "user"=>{"username"=>"rukorio"}} }[0m
[31mUnpermitted parameter: :user. Context: { controller: UsersController, action: login, request: #<ActionDispatch::Request:0x00007fbd08c2b3a8>, params: {"username"=>"rukorio", "password"=>"[FILTERED]", "controller"=>"users", "action"=>"login", "user"=>{"username"=>"rukorio"}} }[0m
  [1m[36mUser Load (0.2ms)[0m  [1m[34mSELECT "users".* FROM "users" WHERE (username = 'rukorio' OR email = NULL) ORDER BY "users"."id" ASC LIMIT ?[0m  [["LIMIT", 1]]
  ↳ app/controllers/users_controller.rb:27:in `login'
[31mUnpermitted parameter: :user. Context: { controller: UsersController, action: login, request: #<ActionDispatch::Request:0x00007fbd08c2b3a8>, params: {"username"=>"rukorio", "password"=>"[FILTERED]", "controller"=>"users", "action"=>"login", "user"=>{"username"=>"rukorio"}} }[0m
Completed 401 Unauthorized in 306ms (Views: 0.2ms | ActiveRecord: 1.0ms | Allocations: 2631)


Started POST "/users/login" for 127.0.0.1 at 2023-03-23 12:48:28 +0300
Processing by UsersController#login as */*
  Parameters: {"username"=>"rukorio", "password"=>"[FILTERED]", "user"=>{"username"=>"rukorio"}}
[31mUnpermitted parameter: :user. Context: { controller: UsersController, action: login, request: #<ActionDispatch::Request:0x00007fbcfc0f4810>, params: {"username"=>"rukorio", "password"=>"[FILTERED]", "controller"=>"users", "action"=>"login", "user"=>{"username"=>"rukorio"}} }[0m
[31mUnpermitted parameter: :user. Context: { controller: UsersController, action: login, request: #<ActionDispatch::Request:0x00007fbcfc0f4810>, params: {"username"=>"rukorio", "password"=>"[FILTERED]", "controller"=>"users", "action"=>"login", "user"=>{"username"=>"rukorio"}} }[0m
  [1m[36mUser Load (0.2ms)[0m  [1m[34mSELECT "users".* FROM "users" WHERE (username = 'rukorio' OR email = NULL) ORDER BY "users"."id" ASC LIMIT ?[0m  [["LIMIT", 1]]
  ↳ app/controllers/users_controller.rb:27:in `login'
[31mUnpermitted parameter: :user. Context: { controller: UsersController, action: login, request: #<ActionDispatch::Request:0x00007fbcfc0f4810>, params: {"username"=>"rukorio", "password"=>"[FILTERED]", "controller"=>"users", "action"=>"login", "user"=>{"username"=>"rukorio"}} }[0m
Completed 401 Unauthorized in 298ms (Views: 1.1ms | ActiveRecord: 0.2ms | Allocations: 1061)


Started POST "/todos" for 127.0.0.1 at 2023-03-23 12:48:47 +0300
Processing by TodosController#create as */*
  Parameters: {"title"=>"Add todo endpoint", "description"=>"ensure a todo endpoint is added to your project", "priority"=>2, "todo"=>{"title"=>"Add todo endpoint", "description"=>"ensure a todo endpoint is added to your project", "priority"=>2}}
Filter chain halted as :session_expired? rendered or redirected
Completed 401 Unauthorized in 2ms (Views: 0.3ms | ActiveRecord: 0.0ms | Allocations: 317)


